TN:
SF:src\modules\accounts\infra\typeorm\entities\user.ts
FN:32,User
FNF:1
FNH:1
FNDA:1,User
DA:1,1
DA:2,1
DA:3,1
DA:4,1
DA:5,1
DA:6,1
DA:7,1
DA:8,1
DA:9,1
DA:10,1
DA:11,1
DA:12,1
DA:13,1
DA:14,1
DA:15,1
DA:16,1
DA:17,1
DA:18,1
DA:19,1
DA:20,1
DA:21,1
DA:22,1
DA:23,1
DA:24,1
DA:25,1
DA:26,1
DA:27,1
DA:28,1
DA:29,1
DA:30,1
DA:31,1
DA:32,1
DA:33,1
DA:34,1
DA:35,1
DA:36,1
DA:37,1
DA:38,1
DA:39,1
DA:40,1
LF:40
LH:40
BRDA:6,0,0,1
BRDA:32,1,0,1
BRF:2
BRH:2
end_of_record
TN:
SF:src\modules\accounts\repositories\in-memory\userRepositoryInMemory.ts
FN:5,UserRepositoryInMemory
FN:10,Object.<anonymous>.UserRepositoryInMemory.create
FN:26,Object.<anonymous>.UserRepositoryInMemory.findByEmail
FN:32,Object.<anonymous>.UserRepositoryInMemory.findById
FNF:4
FNH:3
FNDA:3,UserRepositoryInMemory
FNDA:1,Object.<anonymous>.UserRepositoryInMemory.create
FNDA:4,Object.<anonymous>.UserRepositoryInMemory.findByEmail
FNDA:0,Object.<anonymous>.UserRepositoryInMemory.findById
DA:1,1
DA:2,1
DA:3,1
DA:4,1
DA:5,3
DA:6,3
DA:7,3
DA:8,3
DA:9,3
DA:10,3
DA:11,1
DA:12,1
DA:13,1
DA:14,1
DA:15,1
DA:16,1
DA:17,1
DA:18,1
DA:19,1
DA:20,1
DA:21,1
DA:22,1
DA:23,1
DA:24,1
DA:25,3
DA:26,3
DA:27,4
DA:28,4
DA:29,4
DA:30,4
DA:31,3
DA:32,3
DA:33,0
DA:34,0
DA:35,0
DA:36,0
DA:37,3
DA:38,1
DA:39,1
LF:39
LH:35
BRDA:5,0,0,1
BRDA:5,1,0,3
BRDA:10,2,0,1
BRDA:26,3,0,4
BRDA:27,4,0,4
BRDA:27,5,0,1
BRF:6
BRH:6
end_of_record
TN:
SF:src\modules\accounts\useCases\authenticateUser\authenticateUserUseCase.ts
FN:23,AuthenticateUserUseCase
FN:25,Object.<anonymous>.AuthenticateUserUseCase.execute
FNF:2
FNH:2
FNDA:3,AuthenticateUserUseCase
FNDA:1,Object.<anonymous>.AuthenticateUserUseCase.execute
DA:1,1
DA:2,1
DA:3,1
DA:4,1
DA:5,1
DA:6,1
DA:7,1
DA:8,1
DA:9,1
DA:10,1
DA:11,1
DA:12,1
DA:13,1
DA:14,1
DA:15,1
DA:16,1
DA:17,1
DA:18,1
DA:19,1
DA:20,1
DA:21,1
DA:22,1
DA:23,1
DA:24,1
DA:25,1
DA:26,1
DA:27,1
DA:28,1
DA:29,1
DA:30,0
DA:31,0
DA:32,1
DA:33,1
DA:34,1
DA:35,1
DA:36,0
DA:37,0
DA:38,1
DA:39,1
DA:40,1
DA:41,1
DA:42,1
DA:43,1
DA:44,1
DA:45,1
DA:46,1
DA:47,1
DA:48,1
DA:49,1
DA:50,1
DA:51,1
DA:52,1
DA:53,1
DA:54,1
DA:55,1
LF:55
LH:51
BRDA:21,0,0,1
BRDA:23,1,0,3
BRDA:25,2,0,1
BRDA:27,3,0,1
BRDA:29,4,0,0
BRDA:35,5,0,0
BRF:6
BRH:4
end_of_record
TN:
SF:src\modules\accounts\useCases\crateUser\createUserUseCase.ts
FN:10,CreateUserUseCase
FN:12,Object.<anonymous>.CreateUserUseCase.execute
FNF:2
FNH:2
FNDA:3,CreateUserUseCase
FNDA:3,Object.<anonymous>.CreateUserUseCase.execute
DA:1,1
DA:2,1
DA:3,1
DA:4,1
DA:5,1
DA:6,1
DA:7,1
DA:8,1
DA:9,1
DA:10,1
DA:11,1
DA:12,1
DA:13,3
DA:14,3
DA:15,3
DA:16,3
DA:17,0
DA:18,0
DA:19,3
DA:20,3
DA:21,3
DA:22,1
DA:23,1
DA:24,1
LF:24
LH:22
BRDA:8,0,0,1
BRDA:10,1,0,3
BRDA:12,2,0,3
BRDA:14,3,0,3
BRDA:16,4,0,0
BRDA:20,5,0,1
BRF:6
BRH:5
end_of_record
TN:
SF:src\modules\cars\infra\typeorm\entities\car.ts
FN:51,Car
FNF:1
FNH:1
FNDA:9,Car
DA:1,1
DA:2,1
DA:3,1
DA:4,1
DA:5,1
DA:6,1
DA:7,3
DA:8,3
DA:9,3
DA:10,3
DA:11,3
DA:12,3
DA:13,3
DA:14,3
DA:15,3
DA:16,3
DA:17,3
DA:18,3
DA:19,3
DA:20,3
DA:21,3
DA:22,3
DA:23,3
DA:24,3
DA:25,3
DA:26,3
DA:27,3
DA:28,3
DA:29,3
DA:30,3
DA:31,3
DA:32,3
DA:33,3
DA:34,3
DA:35,3
DA:36,3
DA:37,3
DA:38,3
DA:39,3
DA:40,3
DA:41,3
DA:42,3
DA:43,3
DA:44,3
DA:45,3
DA:46,3
DA:47,3
DA:48,3
DA:49,3
DA:50,3
DA:51,3
DA:52,9
DA:53,9
DA:54,9
DA:55,9
DA:56,9
DA:57,3
DA:58,1
DA:59,1
LF:59
LH:59
BRDA:7,0,0,3
BRDA:51,1,0,9
BRF:2
BRH:2
end_of_record
TN:
SF:src\modules\cars\infra\typeorm\entities\category.ts
FN:19,Category
FNF:1
FNH:1
FNDA:2,Category
DA:1,1
DA:2,1
DA:3,1
DA:4,1
DA:5,4
DA:6,4
DA:7,4
DA:8,4
DA:9,4
DA:10,4
DA:11,4
DA:12,4
DA:13,4
DA:14,4
DA:15,4
DA:16,4
DA:17,4
DA:18,4
DA:19,4
DA:20,2
DA:21,2
DA:22,2
DA:23,2
DA:24,4
DA:25,1
DA:26,1
LF:26
LH:26
BRDA:5,0,0,4
BRDA:19,1,0,2
BRF:2
BRH:2
end_of_record
TN:
SF:src\modules\cars\infra\typeorm\entities\specification.ts
FN:19,Specification
FNF:1
FNH:1
FNDA:1,Specification
DA:1,1
DA:2,1
DA:3,1
DA:4,1
DA:5,3
DA:6,3
DA:7,3
DA:8,3
DA:9,3
DA:10,3
DA:11,3
DA:12,3
DA:13,3
DA:14,3
DA:15,3
DA:16,3
DA:17,3
DA:18,3
DA:19,3
DA:20,1
DA:21,1
DA:22,1
DA:23,1
DA:24,3
DA:25,1
DA:26,1
LF:26
LH:26
BRDA:5,0,0,3
BRDA:19,1,0,1
BRF:2
BRH:2
end_of_record
TN:
SF:src\modules\cars\repositories\InMemory\CarsRepositoryInMemory.ts
FN:5,CarsRepositoryInMemory
FN:8,Object.<anonymous>.CarsRepositoryInMemory.create
FN:37,Object.<anonymous>.CarsRepositoryInMemory.findByLicencePlate
FN:43,Object.<anonymous>.CarsRepositoryInMemory.findAvailable
FN:52,Object.<anonymous>.CarsRepositoryInMemory.findById
FNF:5
FNH:5
FNDA:9,CarsRepositoryInMemory
FNDA:9,Object.<anonymous>.CarsRepositoryInMemory.create
FNDA:4,Object.<anonymous>.CarsRepositoryInMemory.findByLicencePlate
FNDA:4,Object.<anonymous>.CarsRepositoryInMemory.findAvailable
FNDA:2,Object.<anonymous>.CarsRepositoryInMemory.findById
DA:1,1
DA:2,1
DA:3,1
DA:4,1
DA:5,9
DA:6,9
DA:7,9
DA:8,9
DA:9,9
DA:10,9
DA:11,9
DA:12,9
DA:13,9
DA:14,9
DA:15,9
DA:16,9
DA:17,9
DA:18,9
DA:19,9
DA:20,9
DA:21,9
DA:22,9
DA:23,9
DA:24,9
DA:25,9
DA:26,9
DA:27,9
DA:28,9
DA:29,9
DA:30,9
DA:31,9
DA:32,9
DA:33,9
DA:34,9
DA:35,9
DA:36,9
DA:37,9
DA:38,4
DA:39,4
DA:40,4
DA:41,4
DA:42,9
DA:43,9
DA:44,4
DA:45,4
DA:46,4
DA:47,4
DA:48,4
DA:49,4
DA:50,4
DA:51,9
DA:52,9
DA:53,2
DA:54,2
DA:55,3
DA:56,1
DA:57,1
LF:57
LH:57
BRDA:5,0,0,3
BRDA:5,1,0,9
BRDA:8,2,0,9
BRDA:37,3,0,4
BRDA:38,4,0,1
BRDA:43,5,0,4
BRDA:45,6,0,4
BRDA:46,7,0,0
BRDA:52,8,0,2
BRDA:53,9,0,2
BRDA:53,10,0,2
BRDA:53,11,0,1
BRF:12
BRH:11
end_of_record
TN:
SF:src\modules\cars\repositories\InMemory\CategoryRepositoryInMemory.ts
FN:4,CategoriesRepositoryInMemory
FN:7,Object.<anonymous>.CategoriesRepositoryInMemory.create
FN:20,Object.<anonymous>.CategoriesRepositoryInMemory.list
FN:27,Object.<anonymous>.CategoriesRepositoryInMemory.findByName
FNF:4
FNH:3
FNDA:2,CategoriesRepositoryInMemory
FNDA:2,Object.<anonymous>.CategoriesRepositoryInMemory.create
FNDA:0,Object.<anonymous>.CategoriesRepositoryInMemory.list
FNDA:4,Object.<anonymous>.CategoriesRepositoryInMemory.findByName
DA:1,1
DA:2,1
DA:3,1
DA:4,2
DA:5,2
DA:6,2
DA:7,2
DA:8,2
DA:9,2
DA:10,2
DA:11,2
DA:12,2
DA:13,2
DA:14,2
DA:15,2
DA:16,2
DA:17,2
DA:18,2
DA:19,2
DA:20,2
DA:21,0
DA:22,0
DA:23,0
DA:24,0
DA:25,0
DA:26,2
DA:27,2
DA:28,4
DA:29,4
DA:30,4
DA:31,4
DA:32,2
DA:33,1
DA:34,1
LF:34
LH:29
BRDA:4,0,0,1
BRDA:4,1,0,2
BRDA:7,2,0,2
BRDA:27,3,0,4
BRDA:28,4,0,4
BRDA:28,5,0,2
BRF:6
BRH:6
end_of_record
TN:
SF:src\modules\cars\repositories\InMemory\specificationRepositoryInMemory.ts
FN:5,SpecificationRepositoryInMemory
FN:9,Object.<anonymous>.SpecificationRepositoryInMemory.create
FN:23,Object.<anonymous>.SpecificationRepositoryInMemory.list
FN:27,Object.<anonymous>.SpecificationRepositoryInMemory.findByName
FN:31,Object.<anonymous>.SpecificationRepositoryInMemory.findByIds
FNF:5
FNH:3
FNDA:2,SpecificationRepositoryInMemory
FNDA:1,Object.<anonymous>.SpecificationRepositoryInMemory.create
FNDA:0,Object.<anonymous>.SpecificationRepositoryInMemory.list
FNDA:0,Object.<anonymous>.SpecificationRepositoryInMemory.findByName
FNDA:1,Object.<anonymous>.SpecificationRepositoryInMemory.findByIds
DA:1,1
DA:2,1
DA:3,1
DA:4,1
DA:5,2
DA:6,2
DA:7,2
DA:8,2
DA:9,2
DA:10,1
DA:11,1
DA:12,1
DA:13,1
DA:14,1
DA:15,1
DA:16,1
DA:17,1
DA:18,1
DA:19,1
DA:20,1
DA:21,1
DA:22,2
DA:23,2
DA:24,0
DA:25,0
DA:26,2
DA:27,2
DA:28,0
DA:29,0
DA:30,2
DA:31,2
DA:32,1
DA:33,1
DA:34,2
DA:35,1
DA:36,1
LF:36
LH:32
BRDA:5,0,0,1
BRDA:5,1,0,2
BRDA:9,2,0,1
BRDA:31,3,0,1
BRDA:32,4,0,1
BRDA:32,5,0,1
BRDA:32,6,0,1
BRF:7
BRH:7
end_of_record
TN:
SF:src\modules\cars\useCases\crateCategory\createCategoryUseCase.ts
FN:13,CreateCategoryUseCase
FN:15,Object.<anonymous>.CreateCategoryUseCase.execute
FNF:2
FNH:2
FNDA:2,CreateCategoryUseCase
FNDA:3,Object.<anonymous>.CreateCategoryUseCase.execute
DA:1,1
DA:2,1
DA:3,1
DA:4,1
DA:5,1
DA:6,1
DA:7,1
DA:8,1
DA:9,1
DA:10,1
DA:11,1
DA:12,1
DA:13,1
DA:14,1
DA:15,1
DA:16,3
DA:17,3
DA:18,3
DA:19,1
DA:20,1
DA:21,3
DA:22,3
DA:23,3
DA:24,1
DA:25,1
DA:26,1
LF:26
LH:26
BRDA:11,0,0,1
BRDA:13,1,0,2
BRDA:15,2,0,3
BRDA:16,3,0,3
BRDA:18,4,0,1
BRF:5
BRH:5
end_of_record
TN:
SF:src\modules\cars\useCases\createCar\createCarUseCase.ts
FN:19,CreateCarUseCase
FN:21,Object.<anonymous>.CreateCarUseCase.execute
FNF:2
FNH:2
FNDA:3,CreateCarUseCase
FNDA:4,Object.<anonymous>.CreateCarUseCase.execute
DA:1,1
DA:2,1
DA:3,1
DA:4,1
DA:5,1
DA:6,1
DA:7,1
DA:8,1
DA:9,1
DA:10,1
DA:11,1
DA:12,1
DA:13,1
DA:14,1
DA:15,1
DA:16,1
DA:17,1
DA:18,1
DA:19,1
DA:20,1
DA:21,1
DA:22,4
DA:23,4
DA:24,4
DA:25,4
DA:26,1
DA:27,1
DA:28,3
DA:29,3
DA:30,3
DA:31,3
DA:32,3
DA:33,3
DA:34,3
DA:35,3
DA:36,3
DA:37,3
DA:38,4
DA:39,4
DA:40,4
DA:41,1
DA:42,1
DA:43,1
LF:43
LH:43
BRDA:17,0,0,1
BRDA:19,1,0,3
BRDA:21,2,0,4
BRDA:23,3,0,4
BRDA:25,4,0,1
BRDA:28,5,0,3
BRF:6
BRH:6
end_of_record
TN:
SF:src\modules\cars\useCases\createCarSpecification\createCarSpecificationUseCase.ts
FN:15,CreateCarSpecificationUseCase
FN:22,Object.<anonymous>.CreateCarSpecificationUseCase.execute
FNF:2
FNH:2
FNDA:2,CreateCarSpecificationUseCase
FNDA:2,Object.<anonymous>.CreateCarSpecificationUseCase.execute
DA:1,1
DA:2,1
DA:3,1
DA:4,1
DA:5,1
DA:6,1
DA:7,1
DA:8,1
DA:9,1
DA:10,1
DA:11,1
DA:12,1
DA:13,1
DA:14,1
DA:15,1
DA:16,2
DA:17,2
DA:18,2
DA:19,2
DA:20,2
DA:21,1
DA:22,1
DA:23,2
DA:24,2
DA:25,2
DA:26,2
DA:27,1
DA:28,1
DA:29,1
DA:30,1
DA:31,1
DA:32,2
DA:33,2
DA:34,2
DA:35,2
DA:36,2
DA:37,2
DA:38,2
DA:39,2
DA:40,2
DA:41,2
DA:42,2
DA:43,2
DA:44,2
DA:45,2
DA:46,2
DA:47,2
DA:48,2
DA:49,1
DA:50,1
DA:51,1
LF:51
LH:51
BRDA:13,0,0,1
BRDA:15,1,0,2
BRDA:22,2,0,2
BRDA:24,3,0,2
BRDA:26,4,0,1
BRF:5
BRH:5
end_of_record
TN:
SF:src\modules\cars\useCases\listCars\listCarsUseCase.ts
FN:14,ListCarsUseCase
FN:16,Object.<anonymous>.ListCarsUseCase.execute
FNF:2
FNH:2
FNDA:4,ListCarsUseCase
FNDA:4,Object.<anonymous>.ListCarsUseCase.execute
DA:1,1
DA:2,1
DA:3,1
DA:4,1
DA:5,1
DA:6,1
DA:7,1
DA:8,1
DA:9,1
DA:10,1
DA:11,1
DA:12,1
DA:13,1
DA:14,1
DA:15,1
DA:16,1
DA:17,4
DA:18,4
DA:19,4
DA:20,4
DA:21,1
DA:22,1
DA:23,1
LF:23
LH:23
BRDA:12,0,0,1
BRDA:14,1,0,4
BRDA:16,2,0,4
BRDA:17,3,0,4
BRF:4
BRH:4
end_of_record
TN:
SF:src\modules\rentals\infra\typeorm\entities\rental.ts
FN:14,Rental
FNF:1
FNH:1
FNDA:3,Rental
DA:1,1
DA:2,1
DA:3,1
DA:4,1
DA:5,1
DA:6,1
DA:7,1
DA:8,1
DA:9,1
DA:10,1
DA:11,1
DA:12,1
DA:13,1
DA:14,1
DA:15,3
DA:16,3
DA:17,3
DA:18,3
DA:19,1
DA:20,1
DA:21,1
LF:21
LH:21
BRDA:3,0,0,1
BRDA:14,1,0,3
BRF:2
BRH:2
end_of_record
TN:
SF:src\modules\rentals\repositories\inMemory\rentalRepositoryInMemory.ts
FN:5,RentalRepositoryInMemory
FN:8,Object.<anonymous>.RentalRepositoryInMemory.create
FN:22,Object.<anonymous>.RentalRepositoryInMemory.findByRentalCar
FN:27,Object.<anonymous>.RentalRepositoryInMemory.findOpenByRentalUser
FNF:4
FNH:4
FNDA:4,RentalRepositoryInMemory
FNDA:3,Object.<anonymous>.RentalRepositoryInMemory.create
FNDA:6,Object.<anonymous>.RentalRepositoryInMemory.findByRentalCar
FNDA:5,Object.<anonymous>.RentalRepositoryInMemory.findOpenByRentalUser
DA:1,1
DA:2,1
DA:3,1
DA:4,1
DA:5,4
DA:6,4
DA:7,4
DA:8,4
DA:9,3
DA:10,3
DA:11,3
DA:12,3
DA:13,3
DA:14,3
DA:15,3
DA:16,3
DA:17,3
DA:18,3
DA:19,3
DA:20,3
DA:21,4
DA:22,4
DA:23,6
DA:24,6
DA:25,6
DA:26,4
DA:27,4
DA:28,5
DA:29,5
DA:30,5
DA:31,4
DA:32,1
DA:33,1
LF:33
LH:33
BRDA:5,0,0,1
BRDA:5,1,0,4
BRDA:8,2,0,3
BRDA:22,3,0,6
BRDA:23,4,0,6
BRDA:23,5,0,2
BRDA:23,6,0,1
BRDA:27,7,0,5
BRDA:28,8,0,5
BRDA:28,9,0,1
BRF:10
BRH:10
end_of_record
TN:
SF:src\modules\rentals\useCases\createRental\createRentalUseCase.ts
FN:15,CreateRentalUseCase
FN:20,Object.<anonymous>.CreateRentalUseCase.execute
FNF:2
FNH:2
FNDA:4,CreateRentalUseCase
FNDA:6,Object.<anonymous>.CreateRentalUseCase.execute
DA:1,1
DA:2,1
DA:3,1
DA:4,1
DA:5,1
DA:6,1
DA:7,1
DA:8,1
DA:9,1
DA:10,1
DA:11,1
DA:12,1
DA:13,1
DA:14,1
DA:15,1
DA:16,4
DA:17,4
DA:18,4
DA:19,1
DA:20,1
DA:21,6
DA:22,6
DA:23,6
DA:24,6
DA:25,6
DA:26,1
DA:27,1
DA:28,5
DA:29,5
DA:30,6
DA:31,6
DA:32,1
DA:33,1
DA:34,4
DA:35,4
DA:36,4
DA:37,4
DA:38,6
DA:39,1
DA:40,1
DA:41,3
DA:42,3
DA:43,6
DA:44,1
DA:45,1
DA:46,1
LF:46
LH:46
BRDA:13,0,0,1
BRDA:15,1,0,4
BRDA:20,2,0,6
BRDA:25,3,0,1
BRDA:28,4,0,5
BRDA:31,5,0,1
BRDA:34,6,0,4
BRDA:38,7,0,1
BRDA:41,8,0,3
BRDA:42,9,0,3
BRF:10
BRH:10
end_of_record
TN:
SF:src\shared\container\providers\datePrivider\implementations\dayJsProvider.ts
FN:7,DayJsDateProvider
FN:8,Object.<anonymous>.DayJsDateProvider.compare
FN:14,Object.<anonymous>.DayJsDateProvider.convertToUtc
FN:18,Object.<anonymous>.DayJsDateProvider.dayNow
FNF:4
FNH:4
FNDA:4,DayJsDateProvider
FNDA:4,Object.<anonymous>.DayJsDateProvider.compare
FNDA:8,Object.<anonymous>.DayJsDateProvider.convertToUtc
FNDA:4,Object.<anonymous>.DayJsDateProvider.dayNow
DA:1,1
DA:2,1
DA:3,1
DA:4,1
DA:5,1
DA:6,1
DA:7,4
DA:8,4
DA:9,4
DA:10,4
DA:11,4
DA:12,4
DA:13,4
DA:14,4
DA:15,8
DA:16,8
DA:17,4
DA:18,4
DA:19,4
DA:20,4
DA:21,4
DA:22,4
DA:23,1
DA:24,1
LF:24
LH:24
BRDA:7,0,0,1
BRDA:7,1,0,4
BRDA:8,2,0,4
BRDA:14,3,0,8
BRDA:18,4,0,4
BRF:5
BRH:5
end_of_record
TN:
SF:src\shared\errors\appError.ts
FN:5,AppError
FNF:1
FNH:1
FNDA:6,AppError
DA:1,5
DA:2,5
DA:3,5
DA:4,5
DA:5,5
DA:6,6
DA:7,6
DA:8,6
DA:9,6
DA:10,5
DA:11,1
DA:12,1
LF:12
LH:12
BRDA:1,0,0,5
BRDA:5,1,0,6
BRDA:5,2,0,1
BRF:3
BRH:3
end_of_record
